2017-11-24 16:59:25,906 INFO  [JavaFX Application Thread     ] [MqttViewManager               ]  - Default configuration file present (/Users/boser/mqtt-spy/mqtt-spy-configuration.xml) = true
2017-11-24 16:59:26,036 INFO  [JavaFX Application Thread     ] [MqttViewManager               ]  - Loading configuration file from /Users/boser/mqtt-spy/mqtt-spy-configuration.xml
2017-11-24 16:59:26,060 INFO  [JavaFX Application Thread     ] [MqttConfigurationUtils        ]  - Auto-complete for server URI (iot.eclipse.org -> ssl://iot.eclipse.org)
2017-11-24 16:59:26,521 ERROR [JavaFX Application Thread     ] [FileUtils                     ]  - No files in /Users/boser/mqtt-spy/
2017-11-24 16:59:26,571 INFO  [JavaFX Application Thread     ] [NewSubscriptionController     ]  - Subscribing to data
2017-11-24 16:59:26,571 INFO  [JavaFX Application Thread     ] [MqttSubscriptionViewManager   ]  - Creating subscription for data
2017-11-24 16:59:26,617 WARN  [JavaFX Application Thread     ] [BaseMqttConnection            ]  - Client not connected
2017-11-24 16:59:26,617 INFO  [JavaFX Application Thread     ] [NewSubscriptionController     ]  - Subscribing to info
2017-11-24 16:59:26,617 INFO  [JavaFX Application Thread     ] [MqttSubscriptionViewManager   ]  - Creating subscription for info
2017-11-24 16:59:26,653 WARN  [JavaFX Application Thread     ] [BaseMqttConnection            ]  - Client not connected
2017-11-24 16:59:26,653 INFO  [JavaFX Application Thread     ] [NewSubscriptionController     ]  - Subscribing to x
2017-11-24 16:59:26,653 INFO  [JavaFX Application Thread     ] [MqttSubscriptionViewManager   ]  - Creating subscription for x
2017-11-24 16:59:26,687 WARN  [JavaFX Application Thread     ] [BaseMqttConnection            ]  - Client not connected
2017-11-24 16:59:26,687 INFO  [JavaFX Application Thread     ] [NewSubscriptionController     ]  - Subscribing to y
2017-11-24 16:59:26,688 INFO  [JavaFX Application Thread     ] [MqttSubscriptionViewManager   ]  - Creating subscription for y
2017-11-24 16:59:26,725 WARN  [JavaFX Application Thread     ] [BaseMqttConnection            ]  - Client not connected
2017-11-24 16:59:26,725 INFO  [JavaFX Application Thread     ] [NewSubscriptionController     ]  - Subscribing to button
2017-11-24 16:59:26,725 INFO  [JavaFX Application Thread     ] [MqttSubscriptionViewManager   ]  - Creating subscription for button
2017-11-24 16:59:26,759 WARN  [JavaFX Application Thread     ] [BaseMqttConnection            ]  - Client not connected
2017-11-24 16:59:26,759 INFO  [JavaFX Application Thread     ] [NewSubscriptionController     ]  - Subscribing to led
2017-11-24 16:59:26,759 INFO  [JavaFX Application Thread     ] [MqttSubscriptionViewManager   ]  - Creating subscription for led
2017-11-24 16:59:26,790 WARN  [JavaFX Application Thread     ] [BaseMqttConnection            ]  - Client not connected
2017-11-24 16:59:27,073 INFO  [mqtt-spy [ConnectionRunnable for iot.eclipse.org]] [MqttAsyncConnectionRunnable   ]  - Connecting client ID [] to server [[ssl://iot.eclipse.org]]; options = 
============== Connection options ==============
CleanSession                :  true
SocketFactory               :  sun.security.ssl.SSLSocketFactoryImpl@305884b1
MqttVersion                 :  4
KeepAliveInterval           :  60
ConTimeout                  :  30
UserName                    :  null
SSLProperties               :  null
WillDestination             :  null
==========================================

2017-11-24 16:59:27,763 INFO  [MQTT Call:                    ] [MqttConnectionResultHandler   ]  - iot.eclipse.org connected
2017-11-24 16:59:27,763 INFO  [JavaFX Application Thread     ] [MqttEventHandler              ]  - About to resubscribe to all requested topics
2017-11-24 16:59:27,765 INFO  [JavaFX Application Thread     ] [BaseMqttConnection            ]  - Subscribed to button
2017-11-24 16:59:27,766 INFO  [JavaFX Application Thread     ] [BaseMqttConnection            ]  - Subscribed to data
2017-11-24 16:59:27,766 INFO  [JavaFX Application Thread     ] [BaseMqttConnection            ]  - Subscribed to x
2017-11-24 16:59:27,766 INFO  [JavaFX Application Thread     ] [BaseMqttConnection            ]  - Subscribed to y
2017-11-24 16:59:27,767 INFO  [JavaFX Application Thread     ] [BaseMqttConnection            ]  - Subscribed to led
2017-11-24 16:59:27,767 INFO  [JavaFX Application Thread     ] [BaseMqttConnection            ]  - Subscribed to info
2017-11-24 16:59:28,265 INFO  [JavaFX Application Thread     ] [EditConnectionsController     ]  - Selecting first item...
2017-11-24 16:59:58,723 INFO  [JavaFX Application Thread     ] [MqttAsyncConnection           ]  - Publishing message on topic "stop". Payload size = "3"
